#
# There is insufficient memory for the Java Runtime Environment to continue.
# Native memory allocation (malloc) failed to allocate 1048576 bytes for AllocateHeap
# Possible reasons:
#   The system is out of physical RAM or swap space
#   In 32 bit mode, the process size limit was hit
# Possible solutions:
#   Reduce memory load on the system
#   Increase physical memory or swap space
#   Check if swap backing store is full
#   Use 64 bit Java on a 64 bit OS
#   Decrease Java heap size (-Xmx/-Xms)
#   Decrease number of Java threads
#   Decrease Java thread stack sizes (-Xss)
#   Set larger code cache with -XX:ReservedCodeCacheSize=
# This output file may be truncated or incomplete.
#
#  Out of Memory Error (memory/allocation.inline.hpp:60), pid=15296, tid=14904
#
# JRE version: 7.0_25-b17
# Java VM: Java HotSpot(TM) 64-Bit Server VM (23.25-b01 mixed mode windows-amd64 compressed oops)
# Failed to write core dump. Minidumps are not enabled by default on client versions of Windows
#

---------------  T H R E A D  ---------------

Current thread (0x000000000239c800):  JavaThread "Unknown thread" [_thread_in_vm, id=14904, stack(0x0000000002460000,0x0000000002560000)]

Stack: [0x0000000002460000,0x0000000002560000]

---------------  P R O C E S S  ---------------

Java Threads: ( => current thread )

Other Threads:

=>0x000000000239c800 (exited) JavaThread "Unknown thread" [_thread_in_vm, id=14904, stack(0x0000000002460000,0x0000000002560000)]

VM state:not at safepoint (normal execution)

VM Mutex/Monitor currently owned by a thread: None

Heap
 PSYoungGen      total 18816K, used 323K [0x00000000eb0b0000, 0x00000000ec5a0000, 0x0000000100000000)
  eden space 16192K, 2% used [0x00000000eb0b0000,0x00000000eb100fc8,0x00000000ec080000)
  from space 2624K, 0% used [0x00000000ec310000,0x00000000ec310000,0x00000000ec5a0000)
  to   space 2624K, 0% used [0x00000000ec080000,0x00000000ec080000,0x00000000ec310000)
 ParOldGen       total 42944K, used 0K [0x00000000c1200000, 0x00000000c3bf0000, 0x00000000eb0b0000)
  object space 42944K, 0% used [0x00000000c1200000,0x00000000c1200000,0x00000000c3bf0000)
 PSPermGen       total 21248K, used 692K [0x00000000bc000000, 0x00000000bd4c0000, 0x00000000c1200000)
  object space 21248K, 3% used [0x00000000bc000000,0x00000000bc0ad0d8,0x00000000bd4c0000)

Card table byte_map: [0x0000000005560000,0x0000000005790000] byte_map_base: 0x0000000004f80000

Polling page: 0x0000000000120000

Code Cache  [0x0000000002560000, 0x00000000027d0000, 0x0000000005560000)
 total_blobs=39 nmethods=0 adapters=20 free_code_cache=48889Kb largest_free_block=50062848

Compilation events (0 events):
No events

GC Heap History (0 events):
No events

Deoptimization events (0 events):
No events

Internal exceptions (0 events):
No events

Events (10 events):
Event: 0.024 loading class 0x0000000001dbd4a0
Event: 0.024 loading class 0x0000000001dbd4a0 done
Event: 0.024 loading class 0x0000000001dbd500
Event: 0.025 loading class 0x0000000001dbd500 done
Event: 0.025 loading class 0x0000000001dbd530
Event: 0.025 loading class 0x0000000001dbd530 done
Event: 0.025 loading class 0x0000000001d72680
Event: 0.025 loading class 0x0000000001d72680 done
Event: 0.025 loading class 0x0000000001d72240
Event: 0.025 loading class 0x0000000001d72240 done


Dynamic libraries:
0x000000013f7a0000 - 0x000000013f7d3000 	C:\Program Files\Java\jre7\bin\javaw.exe
0x0000000076f80000 - 0x0000000077129000 	C:\Windows\SYSTEM32\ntdll.dll
0x0000000076e60000 - 0x0000000076f7f000 	C:\Windows\system32\kernel32.dll
0x000007fefce80000 - 0x000007fefceeb000 	C:\Windows\system32\KERNELBASE.dll
0x000007fefee80000 - 0x000007fefef5b000 	C:\Windows\system32\ADVAPI32.dll
0x000007fefd210000 - 0x000007fefd2af000 	C:\Windows\system32\msvcrt.dll
0x000007fefe050000 - 0x000007fefe06f000 	C:\Windows\SYSTEM32\sechost.dll
0x000007feff0c0000 - 0x000007feff1ed000 	C:\Windows\system32\RPCRT4.dll
0x0000000076d60000 - 0x0000000076e5a000 	C:\Windows\system32\USER32.dll
0x000007fefd2b0000 - 0x000007fefd317000 	C:\Windows\system32\GDI32.dll
0x000007fefe040000 - 0x000007fefe04e000 	C:\Windows\system32\LPK.dll
0x000007fefdf70000 - 0x000007fefe039000 	C:\Windows\system32\USP10.dll
0x000007fefb710000 - 0x000007fefb904000 	C:\Windows\WinSxS\amd64_microsoft.windows.common-controls_6595b64144ccf1df_6.0.7601.17514_none_fa396087175ac9ac\COMCTL32.dll
0x000007fefee00000 - 0x000007fefee71000 	C:\Windows\system32\SHLWAPI.dll
0x000007fefdf40000 - 0x000007fefdf6e000 	C:\Windows\system32\IMM32.DLL
0x000007fefdc10000 - 0x000007fefdd19000 	C:\Windows\system32\MSCTF.dll
0x0000000067350000 - 0x0000000067421000 	C:\Program Files\Java\jre7\bin\msvcr100.dll
0x0000000066c40000 - 0x000000006734f000 	C:\Program Files\Java\jre7\bin\server\jvm.dll
0x000007feeb870000 - 0x000007feeb879000 	C:\Windows\system32\WSOCK32.dll
0x000007fefd6b0000 - 0x000007fefd6fd000 	C:\Windows\system32\WS2_32.dll
0x000007fefdf30000 - 0x000007fefdf38000 	C:\Windows\system32\NSI.dll
0x000007fefa790000 - 0x000007fefa7cb000 	C:\Windows\system32\WINMM.dll
0x0000000077140000 - 0x0000000077147000 	C:\Windows\system32\PSAPI.DLL
0x000000006eab0000 - 0x000000006eabf000 	C:\Program Files\Java\jre7\bin\verify.dll
0x00000000674e0000 - 0x0000000067508000 	C:\Program Files\Java\jre7\bin\java.dll
0x00000000674c0000 - 0x00000000674d5000 	C:\Program Files\Java\jre7\bin\zip.dll

VM Arguments:
jvm_args: -Dfile.encoding=Cp1252 
java_command: main
Launcher Type: SUN_STANDARD

Environment Variables:
PATH=C:\Windows\system32;C:\Windows;C:\Windows\System32\Wbem;C:\Windows\System32\WindowsPowerShell\v1.0\;C:\Program Files (x86)\ATI Technologies\ATI.ACE\Core-Static;c:\Program Files (x86)\Microsoft SQL Server\100\Tools\Binn\;c:\Program Files\Microsoft SQL Server\100\Tools\Binn\;c:\Program Files\Microsoft SQL Server\100\DTS\Binn\;c:\Program Files (x86)\Microsoft SQL Server\100\Tools\Binn\VSShell\Common7\IDE\;c:\Program Files (x86)\Microsoft SQL Server\100\DTS\Binn\;C:\Program Files\TortoiseSVN\bin;C:\Program Files (x86)\VisualSVN\bin
USERNAME=Frysning
OS=Windows_NT
PROCESSOR_IDENTIFIER=Intel64 Family 6 Model 30 Stepping 5, GenuineIntel



---------------  S Y S T E M  ---------------

OS: Windows 7 , 64 bit Build 7601 Service Pack 1

CPU:total 8 (4 cores per cpu, 2 threads per core) family 6 model 30 stepping 5, cmov, cx8, fxsr, mmx, sse, sse2, sse3, ssse3, sse4.1, sse4.2, popcnt, ht, tsc, tscinvbit

Memory: 4k page, physical 4117020k(847780k free), swap 16329360k(21396k free)

vm_info: Java HotSpot(TM) 64-Bit Server VM (23.25-b01) for windows-amd64 JRE (1.7.0_25-b17), built on Jun 21 2013 12:58:32 by "java_re" with unknown MS VC++:1600

time: Wed Nov 13 09:46:37 2013
elapsed time: 0 seconds

